{"C:\\vue-projects\\book_shop\\src\\components\\book-create.vue": {"path":"C:\\vue-projects\\book_shop\\src\\components\\book-create.vue","statementMap":{"0":{"start":{"line":109,"column":0},"end":{"line":109,"column":null}},"1":{"start":{"line":143,"column":0},"end":{"line":143,"column":null}},"2":{"start":{"line":157,"column":0},"end":{"line":166,"column":null}},"3":{"start":{"line":160,"column":0},"end":{"line":160,"column":null}},"4":{"start":{"line":161,"column":0},"end":{"line":161,"column":null}},"5":{"start":{"line":162,"column":0},"end":{"line":162,"column":null}},"6":{"start":{"line":165,"column":0},"end":{"line":165,"column":null}},"7":{"start":{"line":168,"column":0},"end":{"line":168,"column":null}},"8":{"start":{"line":172,"column":0},"end":{"line":172,"column":null}},"9":{"start":{"line":173,"column":0},"end":{"line":173,"column":null}}},"fnMap":{"0":{"name":"(anonymous_1)","decl":{"start":{"line":108,"column":0},"end":{"line":108,"column":null}},"loc":{"start":{"line":108,"column":0},"end":{"line":140,"column":null}}},"1":{"name":"(anonymous_2)","decl":{"start":{"line":142,"column":0},"end":{"line":142,"column":null}},"loc":{"start":{"line":142,"column":0},"end":{"line":170,"column":null}}},"2":{"name":"(anonymous_3)","decl":{"start":{"line":157,"column":0},"end":{"line":157,"column":null}},"loc":{"start":{"line":157,"column":0},"end":{"line":163,"column":null}}},"3":{"name":"(anonymous_4)","decl":{"start":{"line":163,"column":0},"end":{"line":163,"column":null}},"loc":{"start":{"line":163,"column":0},"end":{"line":166,"column":null}}},"4":{"name":"(anonymous_5)","decl":{"start":{"line":171,"column":0},"end":{"line":171,"column":null}},"loc":{"start":{"line":171,"column":0},"end":{"line":174,"column":null}}}},"branchMap":{},"s":{"0":1,"1":0,"2":0,"3":0,"4":0,"5":0,"6":0,"7":0,"8":1,"9":1},"f":{"0":1,"1":0,"2":0,"3":0,"4":1},"b":{}}
}
